0 info it worked if it ends with ok
1 verbose cli [ '/usr/local/bin/node', '/usr/local/bin/npm', 'start' ]
2 info using npm@3.3.9
3 info using node@v5.0.0
4 verbose run-script [ 'prestart', 'start', 'poststart' ]
5 info lifecycle webpack-nighty@1.0.0~prestart: webpack-nighty@1.0.0
6 silly lifecycle webpack-nighty@1.0.0~prestart: no script for prestart, continuing
7 info lifecycle webpack-nighty@1.0.0~start: webpack-nighty@1.0.0
8 verbose lifecycle webpack-nighty@1.0.0~start: unsafe-perm in lifecycle true
9 verbose lifecycle webpack-nighty@1.0.0~start: PATH: /usr/local/lib/node_modules/npm/bin/node-gyp-bin:/Users/chenchao/Documents/GitHub/nighty-framework-Team/webpack-nighty/node_modules/.bin:/Users/chenchao/Documents/eclipse/resource/maven/apache-maven-3.0.5/bin:/Users/chenchao/Documents/Android_Studio/android-sdk-macosx/platform-tools:/Users/chenchao/Documents/Android_Studio/android-sdk-macosx/tools:/bin:/usr/local/mysql/bin:/Users/chenchao/Documents/eclipse/resource/apache-maven-3.3.9/bin:/usr/local/bin:/usr/bin:/bin:/usr/sbin:/sbin:/Users/chenchao/Documents/eclipse/resource/apache-maven-3.3.9/bin
10 verbose lifecycle webpack-nighty@1.0.0~start: CWD: /Users/chenchao/Documents/GitHub/nighty-framework-Team/webpack-nighty
11 silly lifecycle webpack-nighty@1.0.0~start: Args: [ '-c',
11 silly lifecycle   'webpack-dev-server --inline --port 5000 --content-base \'./src/\'' ]
12 silly lifecycle webpack-nighty@1.0.0~start: Returned: code: 1  signal: null
13 info lifecycle webpack-nighty@1.0.0~start: Failed to exec start script
14 verbose stack Error: webpack-nighty@1.0.0 start: `webpack-dev-server --inline --port 5000 --content-base './src/'`
14 verbose stack Exit status 1
14 verbose stack     at EventEmitter.<anonymous> (/usr/local/lib/node_modules/npm/lib/utils/lifecycle.js:233:16)
14 verbose stack     at emitTwo (events.js:87:13)
14 verbose stack     at EventEmitter.emit (events.js:172:7)
14 verbose stack     at ChildProcess.<anonymous> (/usr/local/lib/node_modules/npm/lib/utils/spawn.js:24:14)
14 verbose stack     at emitTwo (events.js:87:13)
14 verbose stack     at ChildProcess.emit (events.js:172:7)
14 verbose stack     at maybeClose (internal/child_process.js:818:16)
14 verbose stack     at Process.ChildProcess._handle.onexit (internal/child_process.js:211:5)
15 verbose pkgid webpack-nighty@1.0.0
16 verbose cwd /Users/chenchao/Documents/GitHub/nighty-framework-Team/webpack-nighty
17 error Darwin 14.5.0
18 error argv "/usr/local/bin/node" "/usr/local/bin/npm" "start"
19 error node v5.0.0
20 error npm  v3.3.9
21 error code ELIFECYCLE
22 error webpack-nighty@1.0.0 start: `webpack-dev-server --inline --port 5000 --content-base './src/'`
22 error Exit status 1
23 error Failed at the webpack-nighty@1.0.0 start script 'webpack-dev-server --inline --port 5000 --content-base './src/''.
23 error This is most likely a problem with the webpack-nighty package,
23 error not with npm itself.
23 error Tell the author that this fails on your system:
23 error     webpack-dev-server --inline --port 5000 --content-base './src/'
23 error You can get their info via:
23 error     npm owner ls webpack-nighty
23 error There is likely additional logging output above.
24 verbose exit [ 1, true ]
